<?xml version="1.0" encoding="UTF-8"?>
<testsuite xmlns:xsi="http://www.w3.org/2001/XMLSchema-instance" xsi:noNamespaceSchemaLocation="https://maven.apache.org/surefire/maven-surefire-plugin/xsd/surefire-test-report-3.0.xsd" version="3.0" name="ReservationServiceTest" time="2.062" tests="6" errors="0" skipped="0" failures="0">
  <properties>
[...]
</properties>
  <testcase name="testAnnulerReservation" classname="ReservationServiceTest" time="1.941"/>
  <testcase name="testAjouterReservationEtAssignerAChambreEtAEtudiant" classname="ReservationServiceTest" time="0.039">
    <system-err><![CDATA[0
]]></system-err>
  </testcase>
  <testcase name="testAddOrUpdateReservation" classname="ReservationServiceTest" time="0.007"/>
  <testcase name="testFindById" classname="ReservationServiceTest" time="0.006"/>
  <testcase name="testAffectReservationAChambre" classname="ReservationServiceTest" time="0.006"/>
  <testcase name="testDeleteById" classname="ReservationServiceTest" time="0.004"/>
</testsuite>